<?xml version="1.0" encoding="UTF-8"?>
<testng-results ignored="0" total="1" passed="1" failed="0" skipped="0">
  <reporter-output>
  </reporter-output>
  <suite started-at="2020-07-09T14:33:08 IST" name="Default suite" finished-at="2020-07-09T14:33:31 IST" duration-ms="23044">
    <groups>
    </groups>
    <test started-at="2020-07-09T14:33:08 IST" name="Default test" finished-at="2020-07-09T14:33:31 IST" duration-ms="23044">
      <class name="com.qa.run.CodeRun">
        <test-method signature="LetsRun()[pri:0, instance:com.qa.run.CodeRun@2a32de6c]" started-at="2020-07-09T14:33:08 IST" name="LetsRun" finished-at="2020-07-09T14:33:31 IST" duration-ms="22922" status="PASS">
          <reporter-output>
          </reporter-output>
        </test-method> <!-- LetsRun -->
      </class> <!-- com.qa.run.CodeRun -->
    </test> <!-- Default test -->
  </suite> <!-- Default suite -->
</testng-results>
